23:16:58.632 [JavaFX Application Thread] DEBUG GameApplication      - Logger initialized
23:16:58.661 [JavaFX Application Thread] DEBUG GameApplication      - Logging settings
Title: basic game
Version: Version beta
Width: 600
Height: 600
Fullscreen: false
Intro: false
Menus: false
Profiling: false
Single step:false
App Mode: DEVELOPER
Menu Key: ESCAPE
Stage Style: DECORATED
Scene Factory: class com.almasb.fxgl.scene.SceneFactory
Dialog Factory: class com.almasb.fxgl.ui.FXGLDialogFactory
UI Factory: class com.almasb.fxgl.ui.FXGLUIFactory
Notification Service: class com.almasb.fxgl.gameplay.notification.XboxNotificationView
Exception Handler: class com.almasb.fxgl.app.FXGLExceptionHandler
23:16:58.662 [JavaFX Application Thread] DEBUG GameApplication      - Starting FXGL
23:16:58.673 [JavaFX Application Thread] INFO  FXGL                 - FXGL-0.5.4 on DESKTOP
23:16:58.673 [JavaFX Application Thread] INFO  FXGL                 - Source code and latest versions at: https://github.com/AlmasB/FXGL
23:16:58.673 [JavaFX Application Thread] INFO  FXGL                 -              Join the FXGL chat at: https://gitter.im/AlmasB/FXGL
23:16:58.674 [JavaFX Application Thread] DEBUG FXGL                 - FXGL started
23:16:58.674 [JavaFX Application Thread] DEBUG FXGL                 - Initializing FXGL
23:16:58.798 [JavaFX Application Thread] DEBUG AssetLoader          - Loading from disk: /assets/ui/cursors/fxgl_default.png
23:16:59.285 [JavaFX Application Thread] DEBUG AssetLoader          - Loading from disk: /assets/ui/fonts/VarelaRound-Regular.ttf
23:16:59.688 [JavaFX Application Thread] DEBUG MainWindow           - Creating a JavaFX scene
23:16:59.756 [JavaFX Application Thread] DEBUG MainWindow           - Target settings size: 600.0 x 600.0
23:16:59.757 [JavaFX Application Thread] DEBUG MainWindow           - Scaled scene size:    600.0 x 600.0
23:16:59.757 [JavaFX Application Thread] DEBUG MainWindow           - Scaled ratio: (1.0, 1.0)
23:16:59.762 [JavaFX Application Thread] DEBUG AssetLoader          - Loading from disk: /assets/ui/css/fxgl_dark.css
23:16:59.767 [JavaFX Application Thread] DEBUG AssetLoader          - Loading from disk: /assets/textures/fxgl_icon.png
23:16:59.786 [JavaFX Application Thread] DEBUG MainWindow           - Opening main window
23:17:00.803 [JavaFX Application Thread] DEBUG MainWindow           - Window border size: (6.0, 35.0)
23:17:00.803 [JavaFX Application Thread] DEBUG MainWindow           - Scaled size: 600.0 x 600.0
23:17:00.804 [JavaFX Application Thread] DEBUG MainWindow           - Scaled ratio: (1.0, 1.0)
23:17:00.804 [JavaFX Application Thread] DEBUG MainWindow           - Scene size: 600.0 x 600.0
23:17:00.804 [JavaFX Application Thread] DEBUG MainWindow           - Stage size: 606.0 x 635.0
23:17:00.982 [ForkJoinPool.commonPool-worker-1] DEBUG FS                   - Loaded DesktopFSService
23:17:01.008 [ForkJoinPool.commonPool-worker-1] DEBUG FXGL                 - Loading default FXGL system data
23:17:01.011 [ForkJoinPool.commonPool-worker-1] DEBUG FXGL                 - Initializing state machine and application states
23:17:01.016 [ForkJoinPool.commonPool-worker-1] DEBUG AssetLoader          - Loading from disk: /assets/ui/cursors/fxgl_default.png
23:17:01.027 [ForkJoinPool.commonPool-worker-2] DEBUG UpdaterTask          - Checking for updates
23:17:01.029 [ForkJoinPool.commonPool-worker-1] DEBUG AssetLoader          - Loading from disk: /assets/ui/cursors/fxgl_default.png
23:17:01.199 [ForkJoinPool.commonPool-worker-1] DEBUG AssetLoader          - Loading from cache: /assets/ui/fonts/VarelaRound-Regular.ttf
23:17:01.218 [ForkJoinPool.commonPool-worker-1] DEBUG AssetLoader          - Loading from disk: /assets/ui/cursors/fxgl_default.png
23:17:01.288 [ForkJoinPool.commonPool-worker-1] DEBUG GameScene            - Game scene initialized: 600x600
23:17:01.372 [ForkJoinPool.commonPool-worker-1] DEBUG GameWorld            - Game world initialized
23:17:01.555 [ForkJoinPool.commonPool-worker-1] DEBUG PhysicsWorld         - Physics world initialized: appHeight=600, physics.ppm=50.0
23:17:01.567 [ForkJoinPool.commonPool-worker-1] DEBUG Input                - Registered new binding: Pause - Esc
23:17:01.790 [JavaFX Application Thread] DEBUG FXGL                 - Running preInit()
23:17:01.794 [JavaFX Application Thread] DEBUG Input                - Registered new binding: Screenshot - P
23:17:01.795 [JavaFX Application Thread] DEBUG Input                - Registered new binding: Dev Options - CTRL+0
23:17:01.796 [JavaFX Application Thread] DEBUG Input                - Registered new binding: System info dump - CTRL+9
23:17:01.797 [JavaFX Application Thread] DEBUG Input                - Registered new binding: Restart - CTRL+R
23:17:01.802 [JavaFX Application Thread] INFO  FXGL                 - FXGL initialization took: 3.128 sec
23:17:01.802 [JavaFX Application Thread] DEBUG LoopRunner           - Starting loop
23:17:01.806 [JavaFX Application Thread] DEBUG StartupState         - STARTUP
23:17:01.806 [JavaFX Application Thread] DEBUG GameApplication      - Starting new game
23:17:01.806 [JavaFX Application Thread] DEBUG Input                - Clearing active input actions
23:17:01.808 [JavaFX Application Thread] DEBUG AssetLoader          - Loading from disk: /assets/ui/css/fxgl_dark.css
23:17:01.821 [JavaFX Application Thread] DEBUG AppStateMachine      - StartupState -> LoadingState
23:17:01.829 [FXGL Background Thread 1 ] DEBUG InitAppTask          - Clearing previous game
23:17:01.829 [FXGL Background Thread 1 ] DEBUG GameWorld            - Clearing game world
23:17:01.830 [FXGL Background Thread 1 ] DEBUG PhysicsWorld         - Clearing physics world
23:17:01.830 [FXGL Background Thread 1 ] DEBUG GameScene            - Clearing game scene
23:17:01.832 [FXGL Background Thread 1 ] DEBUG InitAppTask          - Initializing Game
23:17:01.869 [FXGL Background Thread 1 ] DEBUG InitAppTask          - Initializing Physics
23:17:01.870 [FXGL Background Thread 1 ] DEBUG InitAppTask          - Initializing UI
23:17:01.871 [FXGL Background Thread 1 ] DEBUG InitAppTask          - Initialization Complete
23:17:01.871 [FXGL Background Thread 1 ] INFO  InitAppTask          - Game initialization took: 0.042 sec
23:17:01.940 [JavaFX Application Thread] DEBUG Input                - Clearing active input actions
23:17:01.940 [JavaFX Application Thread] DEBUG AssetLoader          - Loading from disk: /assets/ui/css/fxgl_dark.css
23:17:01.952 [JavaFX Application Thread] DEBUG AppStateMachine      - LoadingState -> PlayState
23:17:03.147 [ForkJoinPool.commonPool-worker-2] INFO  UpdaterTask          - Your current version:  0.5.4
23:17:03.148 [ForkJoinPool.commonPool-worker-2] INFO  UpdaterTask          - Latest stable version: 11.1-beta
23:17:12.510 [JavaFX Application Thread] DEBUG FXGL                 - Exiting FXGL
23:17:12.510 [JavaFX Application Thread] DEBUG FXGL                 - Shutting down background threads
23:17:12.511 [JavaFX Application Thread] DEBUG FXGL                 - Saving FXGL system data
23:17:12.559 [JavaFX Application Thread] DEBUG DesktopFSService     - Writing to: system\fxgl.bundle
23:17:12.582 [JavaFX Application Thread] DEBUG FXGL                 - Closing logger and exiting JavaFX
