23:23:56.571 [JavaFX Application Thread] DEBUG GameApplication      - Logger initialized
23:23:56.600 [JavaFX Application Thread] DEBUG GameApplication      - Logging settings
Title: basic game
Version: Version beta
Width: 1000
Height: 1000
Fullscreen: false
Intro: false
Menus: false
Profiling: false
Single step:false
App Mode: DEVELOPER
Menu Key: ESCAPE
Stage Style: DECORATED
Scene Factory: class com.almasb.fxgl.scene.SceneFactory
Dialog Factory: class com.almasb.fxgl.ui.FXGLDialogFactory
UI Factory: class com.almasb.fxgl.ui.FXGLUIFactory
Notification Service: class com.almasb.fxgl.gameplay.notification.XboxNotificationView
Exception Handler: class com.almasb.fxgl.app.FXGLExceptionHandler
23:23:56.600 [JavaFX Application Thread] DEBUG GameApplication      - Starting FXGL
23:23:56.619 [JavaFX Application Thread] INFO  FXGL                 - FXGL-0.5.4 on DESKTOP
23:23:56.620 [JavaFX Application Thread] INFO  FXGL                 - Source code and latest versions at: https://github.com/AlmasB/FXGL
23:23:56.620 [JavaFX Application Thread] INFO  FXGL                 -              Join the FXGL chat at: https://gitter.im/AlmasB/FXGL
23:23:56.621 [JavaFX Application Thread] DEBUG FXGL                 - FXGL started
23:23:56.621 [JavaFX Application Thread] DEBUG FXGL                 - Initializing FXGL
23:23:56.714 [JavaFX Application Thread] DEBUG AssetLoader          - Loading from disk: /assets/ui/cursors/fxgl_default.png
23:23:56.852 [JavaFX Application Thread] DEBUG AssetLoader          - Loading from disk: /assets/ui/fonts/VarelaRound-Regular.ttf
23:23:57.214 [JavaFX Application Thread] DEBUG MainWindow           - Creating a JavaFX scene
23:23:57.296 [JavaFX Application Thread] DEBUG MainWindow           - Target settings size: 1000.0 x 1000.0
23:23:57.297 [JavaFX Application Thread] DEBUG MainWindow           - Scaled scene size:    1000.0 x 1000.0
23:23:57.297 [JavaFX Application Thread] DEBUG MainWindow           - Scaled ratio: (1.0, 1.0)
23:23:57.303 [JavaFX Application Thread] DEBUG AssetLoader          - Loading from disk: /assets/ui/css/fxgl_dark.css
23:23:57.316 [JavaFX Application Thread] DEBUG AssetLoader          - Loading from disk: /assets/textures/fxgl_icon.png
23:23:57.348 [JavaFX Application Thread] DEBUG MainWindow           - Opening main window
23:23:57.783 [JavaFX Application Thread] DEBUG MainWindow           - Window border size: (6.0, 35.0)
23:23:57.784 [JavaFX Application Thread] DEBUG MainWindow           - Scaled size: 1000.0 x 1000.0
23:23:57.784 [JavaFX Application Thread] DEBUG MainWindow           - Scaled ratio: (1.0, 1.0)
23:23:57.784 [JavaFX Application Thread] DEBUG MainWindow           - Scene size: 1000.0 x 1000.0
23:23:57.785 [JavaFX Application Thread] DEBUG MainWindow           - Stage size: 1006.0 x 1035.0
23:23:57.938 [ForkJoinPool.commonPool-worker-1] DEBUG FS                   - Loaded DesktopFSService
23:23:57.940 [ForkJoinPool.commonPool-worker-1] DEBUG FXGL                 - Loading FXGL system data
23:23:57.952 [ForkJoinPool.commonPool-worker-1] DEBUG DesktopFSService     - Reading from: system\fxgl.bundle
23:23:57.968 [ForkJoinPool.commonPool-worker-1] DEBUG Bundle               - Logging bundle: FXGL
23:23:57.969 [ForkJoinPool.commonPool-worker-1] DEBUG Bundle               - FXGL.offline.timer.version.check=2019-03-28T23:17:03.147
23:23:57.971 [ForkJoinPool.commonPool-worker-1] DEBUG FXGL                 - Initializing state machine and application states
23:23:57.974 [ForkJoinPool.commonPool-worker-1] DEBUG AssetLoader          - Loading from disk: /assets/ui/cursors/fxgl_default.png
23:23:57.986 [ForkJoinPool.commonPool-worker-1] DEBUG AssetLoader          - Loading from disk: /assets/ui/cursors/fxgl_default.png
23:23:57.998 [ForkJoinPool.commonPool-worker-1] DEBUG AssetLoader          - Loading from cache: /assets/ui/fonts/VarelaRound-Regular.ttf
23:23:58.003 [ForkJoinPool.commonPool-worker-1] DEBUG AssetLoader          - Loading from disk: /assets/ui/cursors/fxgl_default.png
23:23:58.009 [ForkJoinPool.commonPool-worker-1] DEBUG GameScene            - Game scene initialized: 1000x1000
23:23:58.048 [ForkJoinPool.commonPool-worker-1] DEBUG GameWorld            - Game world initialized
23:23:58.174 [ForkJoinPool.commonPool-worker-1] DEBUG PhysicsWorld         - Physics world initialized: appHeight=1000, physics.ppm=50.0
23:23:58.210 [ForkJoinPool.commonPool-worker-1] DEBUG Input                - Registered new binding: Pause - Esc
23:23:58.296 [JavaFX Application Thread] DEBUG FXGL                 - Running preInit()
23:23:58.300 [JavaFX Application Thread] DEBUG Input                - Registered new binding: Screenshot - P
23:23:58.301 [JavaFX Application Thread] DEBUG Input                - Registered new binding: Dev Options - CTRL+0
23:23:58.302 [JavaFX Application Thread] DEBUG Input                - Registered new binding: System info dump - CTRL+9
23:23:58.302 [JavaFX Application Thread] DEBUG Input                - Registered new binding: Restart - CTRL+R
23:23:58.303 [JavaFX Application Thread] DEBUG Input                - Registered new binding: Move Right - D
23:23:58.303 [JavaFX Application Thread] DEBUG Input                - Registered new binding: Move Left - A
23:23:58.303 [JavaFX Application Thread] DEBUG Input                - Registered new binding: Move Up - W
23:23:58.304 [JavaFX Application Thread] DEBUG Input                - Registered new binding: Move Down - S
23:23:58.305 [JavaFX Application Thread] INFO  FXGL                 - FXGL initialization took: 1.682 sec
23:23:58.305 [JavaFX Application Thread] DEBUG LoopRunner           - Starting loop
23:23:58.307 [JavaFX Application Thread] DEBUG StartupState         - STARTUP
23:23:58.308 [JavaFX Application Thread] DEBUG GameApplication      - Starting new game
23:23:58.308 [JavaFX Application Thread] DEBUG Input                - Clearing active input actions
23:23:58.310 [JavaFX Application Thread] DEBUG AssetLoader          - Loading from disk: /assets/ui/css/fxgl_dark.css
23:23:58.322 [JavaFX Application Thread] DEBUG AppStateMachine      - StartupState -> LoadingState
23:23:58.331 [FXGL Background Thread 1 ] DEBUG InitAppTask          - Clearing previous game
23:23:58.331 [FXGL Background Thread 1 ] DEBUG GameWorld            - Clearing game world
23:23:58.332 [FXGL Background Thread 1 ] DEBUG PhysicsWorld         - Clearing physics world
23:23:58.332 [FXGL Background Thread 1 ] DEBUG GameScene            - Clearing game scene
23:23:58.334 [FXGL Background Thread 1 ] DEBUG InitAppTask          - Initializing Game
23:23:58.405 [FXGL Background Thread 1 ] DEBUG GameScene            - Creating render group for layer: DEFAULT(100000)
23:23:58.409 [FXGL Background Thread 1 ] DEBUG InitAppTask          - Initializing Physics
23:23:58.409 [FXGL Background Thread 1 ] DEBUG InitAppTask          - Initializing UI
23:23:58.411 [FXGL Background Thread 1 ] DEBUG InitAppTask          - Initialization Complete
23:23:58.412 [FXGL Background Thread 1 ] INFO  InitAppTask          - Game initialization took: 0.080 sec
23:23:58.483 [JavaFX Application Thread] DEBUG Input                - Clearing active input actions
23:23:58.483 [JavaFX Application Thread] DEBUG AssetLoader          - Loading from disk: /assets/ui/css/fxgl_dark.css
23:23:58.537 [JavaFX Application Thread] DEBUG AppStateMachine      - LoadingState -> PlayState
23:24:15.701 [JavaFX Application Thread] DEBUG FXGL                 - Exiting FXGL
23:24:15.701 [JavaFX Application Thread] DEBUG FXGL                 - Shutting down background threads
23:24:15.702 [JavaFX Application Thread] DEBUG FXGL                 - Saving FXGL system data
23:24:15.706 [JavaFX Application Thread] DEBUG DesktopFSService     - Writing to: system\fxgl.bundle
23:24:15.710 [JavaFX Application Thread] DEBUG FXGL                 - Closing logger and exiting JavaFX
