23:17:54.812 [JavaFX Application Thread] DEBUG GameApplication      - Logger initialized
23:17:54.845 [JavaFX Application Thread] DEBUG GameApplication      - Logging settings
Title: basic game
Version: Version beta
Width: 1000
Height: 1000
Fullscreen: false
Intro: false
Menus: false
Profiling: false
Single step:false
App Mode: DEVELOPER
Menu Key: ESCAPE
Stage Style: DECORATED
Scene Factory: class com.almasb.fxgl.scene.SceneFactory
Dialog Factory: class com.almasb.fxgl.ui.FXGLDialogFactory
UI Factory: class com.almasb.fxgl.ui.FXGLUIFactory
Notification Service: class com.almasb.fxgl.gameplay.notification.XboxNotificationView
Exception Handler: class com.almasb.fxgl.app.FXGLExceptionHandler
23:17:54.845 [JavaFX Application Thread] DEBUG GameApplication      - Starting FXGL
23:17:54.861 [JavaFX Application Thread] INFO  FXGL                 - FXGL-0.5.4 on DESKTOP
23:17:54.861 [JavaFX Application Thread] INFO  FXGL                 - Source code and latest versions at: https://github.com/AlmasB/FXGL
23:17:54.862 [JavaFX Application Thread] INFO  FXGL                 -              Join the FXGL chat at: https://gitter.im/AlmasB/FXGL
23:17:54.862 [JavaFX Application Thread] DEBUG FXGL                 - FXGL started
23:17:54.863 [JavaFX Application Thread] DEBUG FXGL                 - Initializing FXGL
23:17:54.955 [JavaFX Application Thread] DEBUG AssetLoader          - Loading from disk: /assets/ui/cursors/fxgl_default.png
23:17:55.091 [JavaFX Application Thread] DEBUG AssetLoader          - Loading from disk: /assets/ui/fonts/VarelaRound-Regular.ttf
23:17:55.455 [JavaFX Application Thread] DEBUG MainWindow           - Creating a JavaFX scene
23:17:55.546 [JavaFX Application Thread] DEBUG MainWindow           - Target settings size: 1000.0 x 1000.0
23:17:55.546 [JavaFX Application Thread] DEBUG MainWindow           - Scaled scene size:    1000.0 x 1000.0
23:17:55.546 [JavaFX Application Thread] DEBUG MainWindow           - Scaled ratio: (1.0, 1.0)
23:17:55.551 [JavaFX Application Thread] DEBUG AssetLoader          - Loading from disk: /assets/ui/css/fxgl_dark.css
23:17:55.559 [JavaFX Application Thread] DEBUG AssetLoader          - Loading from disk: /assets/textures/fxgl_icon.png
23:17:55.607 [JavaFX Application Thread] DEBUG MainWindow           - Opening main window
23:17:56.030 [JavaFX Application Thread] DEBUG MainWindow           - Window border size: (6.0, 35.0)
23:17:56.030 [JavaFX Application Thread] DEBUG MainWindow           - Scaled size: 1000.0 x 1000.0
23:17:56.031 [JavaFX Application Thread] DEBUG MainWindow           - Scaled ratio: (1.0, 1.0)
23:17:56.031 [JavaFX Application Thread] DEBUG MainWindow           - Scene size: 1000.0 x 1000.0
23:17:56.031 [JavaFX Application Thread] DEBUG MainWindow           - Stage size: 1006.0 x 1035.0
23:17:56.164 [ForkJoinPool.commonPool-worker-1] DEBUG FS                   - Loaded DesktopFSService
23:17:56.165 [ForkJoinPool.commonPool-worker-1] DEBUG FXGL                 - Loading FXGL system data
23:17:56.177 [ForkJoinPool.commonPool-worker-1] DEBUG DesktopFSService     - Reading from: system\fxgl.bundle
23:17:56.196 [ForkJoinPool.commonPool-worker-1] DEBUG Bundle               - Logging bundle: FXGL
23:17:56.197 [ForkJoinPool.commonPool-worker-1] DEBUG Bundle               - FXGL.offline.timer.version.check=2019-03-28T23:17:03.147
23:17:56.198 [ForkJoinPool.commonPool-worker-1] DEBUG FXGL                 - Initializing state machine and application states
23:17:56.203 [ForkJoinPool.commonPool-worker-1] DEBUG AssetLoader          - Loading from disk: /assets/ui/cursors/fxgl_default.png
23:17:56.215 [ForkJoinPool.commonPool-worker-1] DEBUG AssetLoader          - Loading from disk: /assets/ui/cursors/fxgl_default.png
23:17:56.225 [ForkJoinPool.commonPool-worker-1] DEBUG AssetLoader          - Loading from cache: /assets/ui/fonts/VarelaRound-Regular.ttf
23:17:56.230 [ForkJoinPool.commonPool-worker-1] DEBUG AssetLoader          - Loading from disk: /assets/ui/cursors/fxgl_default.png
23:17:56.243 [ForkJoinPool.commonPool-worker-1] DEBUG GameScene            - Game scene initialized: 1000x1000
23:17:56.261 [ForkJoinPool.commonPool-worker-1] DEBUG GameWorld            - Game world initialized
23:17:56.375 [ForkJoinPool.commonPool-worker-1] DEBUG PhysicsWorld         - Physics world initialized: appHeight=1000, physics.ppm=50.0
23:17:56.410 [ForkJoinPool.commonPool-worker-1] DEBUG Input                - Registered new binding: Pause - Esc
23:17:56.522 [JavaFX Application Thread] DEBUG FXGL                 - Running preInit()
23:17:56.525 [JavaFX Application Thread] DEBUG Input                - Registered new binding: Screenshot - P
23:17:56.526 [JavaFX Application Thread] DEBUG Input                - Registered new binding: Dev Options - CTRL+0
23:17:56.527 [JavaFX Application Thread] DEBUG Input                - Registered new binding: System info dump - CTRL+9
23:17:56.527 [JavaFX Application Thread] DEBUG Input                - Registered new binding: Restart - CTRL+R
23:17:56.529 [JavaFX Application Thread] INFO  FXGL                 - FXGL initialization took: 1.665 sec
23:17:56.529 [JavaFX Application Thread] DEBUG LoopRunner           - Starting loop
23:17:56.533 [JavaFX Application Thread] DEBUG StartupState         - STARTUP
23:17:56.533 [JavaFX Application Thread] DEBUG GameApplication      - Starting new game
23:17:56.534 [JavaFX Application Thread] DEBUG Input                - Clearing active input actions
23:17:56.537 [JavaFX Application Thread] DEBUG AssetLoader          - Loading from disk: /assets/ui/css/fxgl_dark.css
23:17:56.548 [JavaFX Application Thread] DEBUG AppStateMachine      - StartupState -> LoadingState
23:17:56.563 [FXGL Background Thread 1 ] DEBUG InitAppTask          - Clearing previous game
23:17:56.563 [FXGL Background Thread 1 ] DEBUG GameWorld            - Clearing game world
23:17:56.564 [FXGL Background Thread 1 ] DEBUG PhysicsWorld         - Clearing physics world
23:17:56.564 [FXGL Background Thread 1 ] DEBUG GameScene            - Clearing game scene
23:17:56.567 [FXGL Background Thread 1 ] DEBUG InitAppTask          - Initializing Game
23:17:56.581 [FXGL Background Thread 1 ] DEBUG InitAppTask          - Initializing Physics
23:17:56.581 [FXGL Background Thread 1 ] DEBUG InitAppTask          - Initializing UI
23:17:56.581 [FXGL Background Thread 1 ] DEBUG InitAppTask          - Initialization Complete
23:17:56.582 [FXGL Background Thread 1 ] INFO  InitAppTask          - Game initialization took: 0.018 sec
23:17:56.596 [JavaFX Application Thread] DEBUG Input                - Clearing active input actions
23:17:56.596 [JavaFX Application Thread] DEBUG AssetLoader          - Loading from disk: /assets/ui/css/fxgl_dark.css
23:17:56.606 [JavaFX Application Thread] DEBUG AppStateMachine      - LoadingState -> PlayState
23:17:58.884 [JavaFX Application Thread] DEBUG FXGL                 - Exiting FXGL
23:17:58.884 [JavaFX Application Thread] DEBUG FXGL                 - Shutting down background threads
23:17:58.884 [JavaFX Application Thread] DEBUG FXGL                 - Saving FXGL system data
23:17:58.888 [JavaFX Application Thread] DEBUG DesktopFSService     - Writing to: system\fxgl.bundle
23:17:58.893 [JavaFX Application Thread] DEBUG FXGL                 - Closing logger and exiting JavaFX
