23:27:46.570 [JavaFX Application Thread] DEBUG GameApplication      - Logger initialized
23:27:46.603 [JavaFX Application Thread] DEBUG GameApplication      - Logging settings
Title: basic game
Version: Version beta
Width: 1000
Height: 1000
Fullscreen: false
Intro: false
Menus: false
Profiling: false
Single step:false
App Mode: DEVELOPER
Menu Key: ESCAPE
Stage Style: DECORATED
Scene Factory: class com.almasb.fxgl.scene.SceneFactory
Dialog Factory: class com.almasb.fxgl.ui.FXGLDialogFactory
UI Factory: class com.almasb.fxgl.ui.FXGLUIFactory
Notification Service: class com.almasb.fxgl.gameplay.notification.XboxNotificationView
Exception Handler: class com.almasb.fxgl.app.FXGLExceptionHandler
23:27:46.603 [JavaFX Application Thread] DEBUG GameApplication      - Starting FXGL
23:27:46.620 [JavaFX Application Thread] INFO  FXGL                 - FXGL-0.5.4 on DESKTOP
23:27:46.621 [JavaFX Application Thread] INFO  FXGL                 - Source code and latest versions at: https://github.com/AlmasB/FXGL
23:27:46.621 [JavaFX Application Thread] INFO  FXGL                 -              Join the FXGL chat at: https://gitter.im/AlmasB/FXGL
23:27:46.622 [JavaFX Application Thread] DEBUG FXGL                 - FXGL started
23:27:46.622 [JavaFX Application Thread] DEBUG FXGL                 - Initializing FXGL
23:27:46.712 [JavaFX Application Thread] DEBUG AssetLoader          - Loading from disk: /assets/ui/cursors/fxgl_default.png
23:27:46.840 [JavaFX Application Thread] DEBUG AssetLoader          - Loading from disk: /assets/ui/fonts/VarelaRound-Regular.ttf
23:27:47.248 [JavaFX Application Thread] DEBUG MainWindow           - Creating a JavaFX scene
23:27:47.347 [JavaFX Application Thread] DEBUG MainWindow           - Target settings size: 1000.0 x 1000.0
23:27:47.348 [JavaFX Application Thread] DEBUG MainWindow           - Scaled scene size:    1000.0 x 1000.0
23:27:47.348 [JavaFX Application Thread] DEBUG MainWindow           - Scaled ratio: (1.0, 1.0)
23:27:47.353 [JavaFX Application Thread] DEBUG AssetLoader          - Loading from disk: /assets/ui/css/fxgl_dark.css
23:27:47.369 [JavaFX Application Thread] DEBUG AssetLoader          - Loading from disk: /assets/textures/fxgl_icon.png
23:27:47.407 [JavaFX Application Thread] DEBUG MainWindow           - Opening main window
23:27:47.824 [JavaFX Application Thread] DEBUG MainWindow           - Window border size: (6.0, 35.0)
23:27:47.824 [JavaFX Application Thread] DEBUG MainWindow           - Scaled size: 1000.0 x 1000.0
23:27:47.825 [JavaFX Application Thread] DEBUG MainWindow           - Scaled ratio: (1.0, 1.0)
23:27:47.825 [JavaFX Application Thread] DEBUG MainWindow           - Scene size: 1000.0 x 1000.0
23:27:47.825 [JavaFX Application Thread] DEBUG MainWindow           - Stage size: 1006.0 x 1035.0
23:27:48.029 [ForkJoinPool.commonPool-worker-1] DEBUG FS                   - Loaded DesktopFSService
23:27:48.030 [ForkJoinPool.commonPool-worker-1] DEBUG FXGL                 - Loading FXGL system data
23:27:48.044 [ForkJoinPool.commonPool-worker-1] DEBUG DesktopFSService     - Reading from: system\fxgl.bundle
23:27:48.071 [ForkJoinPool.commonPool-worker-1] DEBUG Bundle               - Logging bundle: FXGL
23:27:48.072 [ForkJoinPool.commonPool-worker-1] DEBUG Bundle               - FXGL.offline.timer.version.check=2019-03-28T23:17:03.147
23:27:48.073 [ForkJoinPool.commonPool-worker-1] DEBUG FXGL                 - Initializing state machine and application states
23:27:48.077 [ForkJoinPool.commonPool-worker-1] DEBUG AssetLoader          - Loading from disk: /assets/ui/cursors/fxgl_default.png
23:27:48.088 [ForkJoinPool.commonPool-worker-1] DEBUG AssetLoader          - Loading from disk: /assets/ui/cursors/fxgl_default.png
23:27:48.097 [ForkJoinPool.commonPool-worker-1] DEBUG AssetLoader          - Loading from cache: /assets/ui/fonts/VarelaRound-Regular.ttf
23:27:48.105 [ForkJoinPool.commonPool-worker-1] DEBUG AssetLoader          - Loading from disk: /assets/ui/cursors/fxgl_default.png
23:27:48.110 [ForkJoinPool.commonPool-worker-1] DEBUG GameScene            - Game scene initialized: 1000x1000
23:27:48.138 [ForkJoinPool.commonPool-worker-1] DEBUG GameWorld            - Game world initialized
23:27:48.255 [ForkJoinPool.commonPool-worker-1] DEBUG PhysicsWorld         - Physics world initialized: appHeight=1000, physics.ppm=50.0
23:27:48.298 [ForkJoinPool.commonPool-worker-1] DEBUG Input                - Registered new binding: Pause - Esc
23:27:48.423 [JavaFX Application Thread] DEBUG FXGL                 - Running preInit()
23:27:48.426 [JavaFX Application Thread] DEBUG Input                - Registered new binding: Screenshot - P
23:27:48.427 [JavaFX Application Thread] DEBUG Input                - Registered new binding: Dev Options - CTRL+0
23:27:48.428 [JavaFX Application Thread] DEBUG Input                - Registered new binding: System info dump - CTRL+9
23:27:48.428 [JavaFX Application Thread] DEBUG Input                - Registered new binding: Restart - CTRL+R
23:27:48.429 [JavaFX Application Thread] DEBUG Input                - Registered new binding: Move Right - D
23:27:48.429 [JavaFX Application Thread] DEBUG Input                - Registered new binding: Move Left - A
23:27:48.429 [JavaFX Application Thread] DEBUG Input                - Registered new binding: Move Up - W
23:27:48.429 [JavaFX Application Thread] DEBUG Input                - Registered new binding: Move Down - S
23:27:48.431 [JavaFX Application Thread] INFO  FXGL                 - FXGL initialization took: 1.808 sec
23:27:48.431 [JavaFX Application Thread] DEBUG LoopRunner           - Starting loop
23:27:48.435 [JavaFX Application Thread] DEBUG StartupState         - STARTUP
23:27:48.436 [JavaFX Application Thread] DEBUG GameApplication      - Starting new game
23:27:48.436 [JavaFX Application Thread] DEBUG Input                - Clearing active input actions
23:27:48.438 [JavaFX Application Thread] DEBUG AssetLoader          - Loading from disk: /assets/ui/css/fxgl_dark.css
23:27:48.449 [JavaFX Application Thread] DEBUG AppStateMachine      - StartupState -> LoadingState
23:27:48.504 [FXGL Background Thread 1 ] DEBUG InitAppTask          - Clearing previous game
23:27:48.504 [FXGL Background Thread 1 ] DEBUG GameWorld            - Clearing game world
23:27:48.504 [FXGL Background Thread 1 ] DEBUG PhysicsWorld         - Clearing physics world
23:27:48.505 [FXGL Background Thread 1 ] DEBUG GameScene            - Clearing game scene
23:27:48.507 [FXGL Background Thread 1 ] DEBUG InitAppTask          - Initializing Game
23:27:48.593 [FXGL Background Thread 1 ] DEBUG GameScene            - Creating render group for layer: DEFAULT(100000)
23:27:48.597 [FXGL Background Thread 1 ] DEBUG InitAppTask          - Initializing Physics
23:27:48.597 [FXGL Background Thread 1 ] DEBUG InitAppTask          - Initializing UI
23:27:48.599 [FXGL Background Thread 1 ] DEBUG InitAppTask          - Initialization Complete
23:27:48.600 [FXGL Background Thread 1 ] INFO  InitAppTask          - Game initialization took: 0.096 sec
23:27:48.613 [JavaFX Application Thread] DEBUG Input                - Clearing active input actions
23:27:48.614 [JavaFX Application Thread] DEBUG AssetLoader          - Loading from disk: /assets/ui/css/fxgl_dark.css
23:27:48.625 [JavaFX Application Thread] DEBUG AppStateMachine      - LoadingState -> PlayState
23:27:51.254 [JavaFX Application Thread] FATAL FXGL                 - Uncaught Exception:

Fatal exception occurred: java.lang.IllegalArgumentException : Property PixelMoved does not exist
E: com.almasb.fxgl.core.collection.PropertyMap.get(PropertyMap.kt:208)
E: com.almasb.fxgl.core.collection.PropertyMap.intProperty(PropertyMap.kt:161)
E: com.almasb.fxgl.core.collection.PropertyMap.increment(PropertyMap.kt:142)
E: com.almasb.fxgl.gameplay.GameState.increment(GameState.kt:58)
E: BasicGameApp$1.onAction(BasicGameApp.java:41)
E: com.almasb.fxgl.input.UserAction.fireAction(UserAction.java:80)
E: com.almasb.fxgl.input.Input.update(Input.kt:148)
E: com.almasb.fxgl.app.State.update(State.java:71)
E: com.almasb.fxgl.app.AppStateMachine.onUpdate(AppStateMachine.java:100)
E: com.almasb.fxgl.app.FXGL.loop(FXGL.kt:356)
E: com.almasb.fxgl.app.FXGL.access$loop(FXGL.kt:54)
E: com.almasb.fxgl.app.FXGL$loop$1.accept(FXGL.kt:78)
E: com.almasb.fxgl.app.FXGL$loop$1.accept(FXGL.kt:54)
E: com.almasb.fxgl.app.LoopRunner.frame(LoopRunner.kt:88)
E: com.almasb.fxgl.app.LoopRunner.access$frame(LoopRunner.kt:19)
E: com.almasb.fxgl.app.LoopRunner$impl$2$1.handle(LoopRunner.kt:39)
E: javafx.animation.AnimationTimer$AnimationTimerReceiver.lambda$handle$485(AnimationTimer.java:57)
E: java.security.AccessController.doPrivileged(Native Method)
E: javafx.animation.AnimationTimer$AnimationTimerReceiver.handle(AnimationTimer.java:56)
E: com.sun.scenario.animation.AbstractMasterTimer.timePulseImpl(AbstractMasterTimer.java:357)
E: com.sun.scenario.animation.AbstractMasterTimer$MainLoop.run(AbstractMasterTimer.java:267)
E: com.sun.javafx.tk.quantum.QuantumToolkit.pulse(QuantumToolkit.java:514)
E: com.sun.javafx.tk.quantum.QuantumToolkit.pulse(QuantumToolkit.java:498)
E: com.sun.javafx.tk.quantum.QuantumToolkit.pulseFromQueue(QuantumToolkit.java:491)
E: com.sun.javafx.tk.quantum.QuantumToolkit.lambda$runToolkit$403(QuantumToolkit.java:319)
E: com.sun.glass.ui.InvokeLaterDispatcher$Future.run(InvokeLaterDispatcher.java:95)
E: com.sun.glass.ui.win.WinApplication._runLoop(Native Method)
E: com.sun.glass.ui.win.WinApplication.lambda$null$147(WinApplication.java:177)
E: java.lang.Thread.run(Thread.java:748)

23:27:51.255 [JavaFX Application Thread] FATAL FXGL                 - Application will now exit
23:27:51.255 [JavaFX Application Thread] DEBUG LoopRunner           - Stopping loop
23:27:55.019 [JavaFX Application Thread] DEBUG FXGL                 - Exiting FXGL
23:27:55.020 [JavaFX Application Thread] DEBUG FXGL                 - Shutting down background threads
23:27:55.020 [JavaFX Application Thread] DEBUG FXGL                 - Saving FXGL system data
23:27:55.025 [JavaFX Application Thread] DEBUG DesktopFSService     - Writing to: system\fxgl.bundle
23:27:55.030 [JavaFX Application Thread] DEBUG FXGL                 - Closing logger and exiting JavaFX
